[0.023s] Invoking command in '/home/alejo/Paper/PETER_SIMULATION/WORKSPACES_ROS/PUTOSAM/build/camera': CMAKE_PREFIX_PATH=${CMAKE_PREFIX_PATH}:/home/alejo/Paper/PETER_SIMULATION/WORKSPACES_ROS/PUTOSAM/install/peter_robot:/opt/ros/humble /usr/bin/cmake --build /home/alejo/Paper/PETER_SIMULATION/WORKSPACES_ROS/PUTOSAM/build/camera -- -j16 -l16
[0.057s] -- Found ament_cmake: 1.3.10 (/opt/ros/humble/share/ament_cmake/cmake)
[0.234s] -- Found rclpy: 3.3.14 (/opt/ros/humble/share/rclpy/cmake)
[0.234s] -- Found ament_lint_auto: 0.12.11 (/opt/ros/humble/share/ament_lint_auto/cmake)
[0.327s] -- Added test 'flake8' to check Python code syntax and style conventions
[0.327s] -- Added test 'lint_cmake' to check CMake code style
[0.328s] -- Added test 'pep257' to check Python code against some of the docstring style conventions in PEP 257
[0.332s] -- Added test 'xmllint' to check XML markup files
[0.335s] -- Configuring done
[0.340s] -- Generating done
[0.341s] -- Build files have been written to: /home/alejo/Paper/PETER_SIMULATION/WORKSPACES_ROS/PUTOSAM/build/camera
[0.372s] Invoked command in '/home/alejo/Paper/PETER_SIMULATION/WORKSPACES_ROS/PUTOSAM/build/camera' returned '0': CMAKE_PREFIX_PATH=${CMAKE_PREFIX_PATH}:/home/alejo/Paper/PETER_SIMULATION/WORKSPACES_ROS/PUTOSAM/install/peter_robot:/opt/ros/humble /usr/bin/cmake --build /home/alejo/Paper/PETER_SIMULATION/WORKSPACES_ROS/PUTOSAM/build/camera -- -j16 -l16
[0.420s] Invoking command in '/home/alejo/Paper/PETER_SIMULATION/WORKSPACES_ROS/PUTOSAM/build/camera': CMAKE_PREFIX_PATH=${CMAKE_PREFIX_PATH}:/home/alejo/Paper/PETER_SIMULATION/WORKSPACES_ROS/PUTOSAM/install/peter_robot:/opt/ros/humble /usr/bin/cmake --install /home/alejo/Paper/PETER_SIMULATION/WORKSPACES_ROS/PUTOSAM/build/camera
[0.432s] -- Install configuration: ""
[0.433s] -- Up-to-date: /home/alejo/Paper/PETER_SIMULATION/WORKSPACES_ROS/PUTOSAM/install/camera/lib/camera/camera.py
[0.433s] -- Up-to-date: /home/alejo/Paper/PETER_SIMULATION/WORKSPACES_ROS/PUTOSAM/install/camera/lib/camera/cameraAdjust.py
[0.433s] -- Installing: /home/alejo/Paper/PETER_SIMULATION/WORKSPACES_ROS/PUTOSAM/install/camera/lib/camera/camerav2.py
[0.433s] -- Up-to-date: /home/alejo/Paper/PETER_SIMULATION/WORKSPACES_ROS/PUTOSAM/install/camera/share/ament_index/resource_index/package_run_dependencies/camera
[0.433s] -- Up-to-date: /home/alejo/Paper/PETER_SIMULATION/WORKSPACES_ROS/PUTOSAM/install/camera/share/ament_index/resource_index/parent_prefix_path/camera
[0.433s] -- Up-to-date: /home/alejo/Paper/PETER_SIMULATION/WORKSPACES_ROS/PUTOSAM/install/camera/share/camera/environment/ament_prefix_path.sh
[0.433s] -- Installing: /home/alejo/Paper/PETER_SIMULATION/WORKSPACES_ROS/PUTOSAM/install/camera/share/camera/environment/ament_prefix_path.dsv
[0.433s] -- Up-to-date: /home/alejo/Paper/PETER_SIMULATION/WORKSPACES_ROS/PUTOSAM/install/camera/share/camera/environment/path.sh
[0.433s] -- Installing: /home/alejo/Paper/PETER_SIMULATION/WORKSPACES_ROS/PUTOSAM/install/camera/share/camera/environment/path.dsv
[0.434s] -- Up-to-date: /home/alejo/Paper/PETER_SIMULATION/WORKSPACES_ROS/PUTOSAM/install/camera/share/camera/local_setup.bash
[0.434s] -- Up-to-date: /home/alejo/Paper/PETER_SIMULATION/WORKSPACES_ROS/PUTOSAM/install/camera/share/camera/local_setup.sh
[0.434s] -- Up-to-date: /home/alejo/Paper/PETER_SIMULATION/WORKSPACES_ROS/PUTOSAM/install/camera/share/camera/local_setup.zsh
[0.434s] -- Installing: /home/alejo/Paper/PETER_SIMULATION/WORKSPACES_ROS/PUTOSAM/install/camera/share/camera/local_setup.dsv
[0.434s] -- Installing: /home/alejo/Paper/PETER_SIMULATION/WORKSPACES_ROS/PUTOSAM/install/camera/share/camera/package.dsv
[0.434s] -- Up-to-date: /home/alejo/Paper/PETER_SIMULATION/WORKSPACES_ROS/PUTOSAM/install/camera/share/ament_index/resource_index/packages/camera
[0.434s] -- Up-to-date: /home/alejo/Paper/PETER_SIMULATION/WORKSPACES_ROS/PUTOSAM/install/camera/share/camera/cmake/cameraConfig.cmake
[0.434s] -- Up-to-date: /home/alejo/Paper/PETER_SIMULATION/WORKSPACES_ROS/PUTOSAM/install/camera/share/camera/cmake/cameraConfig-version.cmake
[0.434s] -- Up-to-date: /home/alejo/Paper/PETER_SIMULATION/WORKSPACES_ROS/PUTOSAM/install/camera/share/camera/package.xml
[0.438s] Invoked command in '/home/alejo/Paper/PETER_SIMULATION/WORKSPACES_ROS/PUTOSAM/build/camera' returned '0': CMAKE_PREFIX_PATH=${CMAKE_PREFIX_PATH}:/home/alejo/Paper/PETER_SIMULATION/WORKSPACES_ROS/PUTOSAM/install/peter_robot:/opt/ros/humble /usr/bin/cmake --install /home/alejo/Paper/PETER_SIMULATION/WORKSPACES_ROS/PUTOSAM/build/camera
