running egg_info
writing ../../build/peter_robot/peter_robot.egg-info/PKG-INFO
writing dependency_links to ../../build/peter_robot/peter_robot.egg-info/dependency_links.txt
writing entry points to ../../build/peter_robot/peter_robot.egg-info/entry_points.txt
writing requirements to ../../build/peter_robot/peter_robot.egg-info/requires.txt
writing top-level names to ../../build/peter_robot/peter_robot.egg-info/top_level.txt
reading manifest file '../../build/peter_robot/peter_robot.egg-info/SOURCES.txt'
writing manifest file '../../build/peter_robot/peter_robot.egg-info/SOURCES.txt'
running build
running build_py
running install
running install_lib
running install_data
copying urdf/peter.urdf.xacro -> /home/alejo/Paper/PETER_SIMULATION/WORKSPACES_ROS/PUTOSAM/install/peter_robot/share/peter_robot/urdf
running install_egg_info
removing '/home/alejo/Paper/PETER_SIMULATION/WORKSPACES_ROS/PUTOSAM/install/peter_robot/lib/python3.10/site-packages/peter_robot-0.0.0-py3.10.egg-info' (and everything under it)
Copying ../../build/peter_robot/peter_robot.egg-info to /home/alejo/Paper/PETER_SIMULATION/WORKSPACES_ROS/PUTOSAM/install/peter_robot/lib/python3.10/site-packages/peter_robot-0.0.0-py3.10.egg-info
running install_scripts
Installing peter_controller script to /home/alejo/Paper/PETER_SIMULATION/WORKSPACES_ROS/PUTOSAM/install/peter_robot/lib/peter_robot
Installing peter_teleop_keyboard script to /home/alejo/Paper/PETER_SIMULATION/WORKSPACES_ROS/PUTOSAM/install/peter_robot/lib/peter_robot
writing list of installed files to '/home/alejo/Paper/PETER_SIMULATION/WORKSPACES_ROS/PUTOSAM/build/peter_robot/install.log'
