/home/alejo/Paper/PETER_SIMULATION/WORKSPACES_ROS/PUTOSAM/install/peter_robot/lib/python3.10/site-packages/src/peter_controller.py
/home/alejo/Paper/PETER_SIMULATION/WORKSPACES_ROS/PUTOSAM/install/peter_robot/lib/python3.10/site-packages/src/peter_teleop_keyboard.py
/home/alejo/Paper/PETER_SIMULATION/WORKSPACES_ROS/PUTOSAM/install/peter_robot/lib/python3.10/site-packages/src/peter_controller_OLD.py
/home/alejo/Paper/PETER_SIMULATION/WORKSPACES_ROS/PUTOSAM/install/peter_robot/lib/python3.10/site-packages/src/__init__.py
/home/alejo/Paper/PETER_SIMULATION/WORKSPACES_ROS/PUTOSAM/install/peter_robot/lib/python3.10/site-packages/src/__pycache__/peter_controller.cpython-310.pyc
/home/alejo/Paper/PETER_SIMULATION/WORKSPACES_ROS/PUTOSAM/install/peter_robot/lib/python3.10/site-packages/src/__pycache__/peter_teleop_keyboard.cpython-310.pyc
/home/alejo/Paper/PETER_SIMULATION/WORKSPACES_ROS/PUTOSAM/install/peter_robot/lib/python3.10/site-packages/src/__pycache__/peter_controller_OLD.cpython-310.pyc
/home/alejo/Paper/PETER_SIMULATION/WORKSPACES_ROS/PUTOSAM/install/peter_robot/lib/python3.10/site-packages/src/__pycache__/__init__.cpython-310.pyc
/home/alejo/Paper/PETER_SIMULATION/WORKSPACES_ROS/PUTOSAM/install/peter_robot/share/ament_index/resource_index/packages/peter_robot
/home/alejo/Paper/PETER_SIMULATION/WORKSPACES_ROS/PUTOSAM/install/peter_robot/share/peter_robot/package.xml
/home/alejo/Paper/PETER_SIMULATION/WORKSPACES_ROS/PUTOSAM/install/peter_robot/share/peter_robot/urdf/peter.urdf
/home/alejo/Paper/PETER_SIMULATION/WORKSPACES_ROS/PUTOSAM/install/peter_robot/share/peter_robot/urdf/peter.urdf.xacro
/home/alejo/Paper/PETER_SIMULATION/WORKSPACES_ROS/PUTOSAM/install/peter_robot/share/peter_robot/urdf/peter_control_plugin.xacro
/home/alejo/Paper/PETER_SIMULATION/WORKSPACES_ROS/PUTOSAM/install/peter_robot/share/peter_robot/launch/gazebo.launch.py
/home/alejo/Paper/PETER_SIMULATION/WORKSPACES_ROS/PUTOSAM/install/peter_robot/share/peter_robot/launch/display.launch.py
/home/alejo/Paper/PETER_SIMULATION/WORKSPACES_ROS/PUTOSAM/install/peter_robot/share/peter_robot/src/peter_controller.py
/home/alejo/Paper/PETER_SIMULATION/WORKSPACES_ROS/PUTOSAM/install/peter_robot/share/peter_robot/src/peter_teleop_keyboard.py
/home/alejo/Paper/PETER_SIMULATION/WORKSPACES_ROS/PUTOSAM/install/peter_robot/share/peter_robot/src/peter_controller_OLD.py
/home/alejo/Paper/PETER_SIMULATION/WORKSPACES_ROS/PUTOSAM/install/peter_robot/share/peter_robot/src/__init__.py
/home/alejo/Paper/PETER_SIMULATION/WORKSPACES_ROS/PUTOSAM/install/peter_robot/share/peter_robot/meshes/TibiaRU_link.STL
/home/alejo/Paper/PETER_SIMULATION/WORKSPACES_ROS/PUTOSAM/install/peter_robot/share/peter_robot/meshes/FemurLD_link.STL
/home/alejo/Paper/PETER_SIMULATION/WORKSPACES_ROS/PUTOSAM/install/peter_robot/share/peter_robot/meshes/RuedaLD_link.STL
/home/alejo/Paper/PETER_SIMULATION/WORKSPACES_ROS/PUTOSAM/install/peter_robot/share/peter_robot/meshes/RuedaRU_link.STL
/home/alejo/Paper/PETER_SIMULATION/WORKSPACES_ROS/PUTOSAM/install/peter_robot/share/peter_robot/meshes/CoxisLD_link.STL
/home/alejo/Paper/PETER_SIMULATION/WORKSPACES_ROS/PUTOSAM/install/peter_robot/share/peter_robot/meshes/Cuerpo_link.STL
/home/alejo/Paper/PETER_SIMULATION/WORKSPACES_ROS/PUTOSAM/install/peter_robot/share/peter_robot/meshes/FemurRD_link.STL
/home/alejo/Paper/PETER_SIMULATION/WORKSPACES_ROS/PUTOSAM/install/peter_robot/share/peter_robot/meshes/RuedaRD_link.STL
/home/alejo/Paper/PETER_SIMULATION/WORKSPACES_ROS/PUTOSAM/install/peter_robot/share/peter_robot/meshes/TibiaLU_link.STL
/home/alejo/Paper/PETER_SIMULATION/WORKSPACES_ROS/PUTOSAM/install/peter_robot/share/peter_robot/meshes/TibiaRD_link.STL
/home/alejo/Paper/PETER_SIMULATION/WORKSPACES_ROS/PUTOSAM/install/peter_robot/share/peter_robot/meshes/TibiaLD_link.STL
/home/alejo/Paper/PETER_SIMULATION/WORKSPACES_ROS/PUTOSAM/install/peter_robot/share/peter_robot/meshes/CoxisRU_link.STL
/home/alejo/Paper/PETER_SIMULATION/WORKSPACES_ROS/PUTOSAM/install/peter_robot/share/peter_robot/meshes/RuedaLU_link.STL
/home/alejo/Paper/PETER_SIMULATION/WORKSPACES_ROS/PUTOSAM/install/peter_robot/share/peter_robot/meshes/CoxisRD_link.STL
/home/alejo/Paper/PETER_SIMULATION/WORKSPACES_ROS/PUTOSAM/install/peter_robot/share/peter_robot/meshes/FemurLU_link.STL
/home/alejo/Paper/PETER_SIMULATION/WORKSPACES_ROS/PUTOSAM/install/peter_robot/share/peter_robot/meshes/CoxisLU_link.STL
/home/alejo/Paper/PETER_SIMULATION/WORKSPACES_ROS/PUTOSAM/install/peter_robot/share/peter_robot/meshes/FemurRU_link.STL
/home/alejo/Paper/PETER_SIMULATION/WORKSPACES_ROS/PUTOSAM/install/peter_robot/share/peter_robot/worlds/empty.world
/home/alejo/Paper/PETER_SIMULATION/WORKSPACES_ROS/PUTOSAM/install/peter_robot/share/peter_robot/config/peter_joint_controller.yaml
/home/alejo/Paper/PETER_SIMULATION/WORKSPACES_ROS/PUTOSAM/install/peter_robot/lib/python3.10/site-packages/peter_robot-0.0.0-py3.10.egg-info/PKG-INFO
/home/alejo/Paper/PETER_SIMULATION/WORKSPACES_ROS/PUTOSAM/install/peter_robot/lib/python3.10/site-packages/peter_robot-0.0.0-py3.10.egg-info/requires.txt
/home/alejo/Paper/PETER_SIMULATION/WORKSPACES_ROS/PUTOSAM/install/peter_robot/lib/python3.10/site-packages/peter_robot-0.0.0-py3.10.egg-info/top_level.txt
/home/alejo/Paper/PETER_SIMULATION/WORKSPACES_ROS/PUTOSAM/install/peter_robot/lib/python3.10/site-packages/peter_robot-0.0.0-py3.10.egg-info/entry_points.txt
/home/alejo/Paper/PETER_SIMULATION/WORKSPACES_ROS/PUTOSAM/install/peter_robot/lib/python3.10/site-packages/peter_robot-0.0.0-py3.10.egg-info/dependency_links.txt
/home/alejo/Paper/PETER_SIMULATION/WORKSPACES_ROS/PUTOSAM/install/peter_robot/lib/python3.10/site-packages/peter_robot-0.0.0-py3.10.egg-info/SOURCES.txt
/home/alejo/Paper/PETER_SIMULATION/WORKSPACES_ROS/PUTOSAM/install/peter_robot/lib/python3.10/site-packages/peter_robot-0.0.0-py3.10.egg-info/zip-safe
/home/alejo/Paper/PETER_SIMULATION/WORKSPACES_ROS/PUTOSAM/install/peter_robot/lib/peter_robot/peter_controller
/home/alejo/Paper/PETER_SIMULATION/WORKSPACES_ROS/PUTOSAM/install/peter_robot/lib/peter_robot/peter_teleop_keyboard
