[0.121s] DEBUG:colcon:Command line arguments: ['/usr/bin/colcon', 'build']
[0.121s] DEBUG:colcon:Parsed command line arguments: Namespace(log_base=None, log_level=None, verb_name='build', build_base='build', install_base='install', merge_install=False, symlink_install=False, test_result_base=None, continue_on_error=False, executor='parallel', parallel_workers=16, event_handlers=None, ignore_user_meta=False, metas=['./colcon.meta'], base_paths=['.'], packages_ignore=None, packages_ignore_regex=None, paths=None, packages_up_to=None, packages_up_to_regex=None, packages_above=None, packages_above_and_dependencies=None, packages_above_depth=None, packages_select_by_dep=None, packages_skip_by_dep=None, packages_skip_up_to=None, packages_select_build_failed=False, packages_skip_build_finished=False, packages_select_test_failures=False, packages_skip_test_passed=False, packages_select=None, packages_skip=None, packages_select_regex=None, packages_skip_regex=None, packages_start=None, packages_end=None, allow_overriding=[], cmake_args=None, cmake_target=None, cmake_target_skip_unavailable=False, cmake_clean_cache=False, cmake_clean_first=False, cmake_force_configure=False, ament_cmake_args=None, catkin_cmake_args=None, catkin_skip_building_tests=False, mixin_files=None, mixin=None, verb_parser=<colcon_mixin.mixin.mixin_argument.MixinArgumentDecorator object at 0x7b1b19455e70>, verb_extension=<colcon_core.verb.build.BuildVerb object at 0x7b1b19455900>, main=<bound method BuildVerb.main of <colcon_core.verb.build.BuildVerb object at 0x7b1b19455900>>, mixin_verb=('build',))
[0.303s] Level 1:colcon.colcon_core.package_discovery:discover_packages(colcon_meta) check parameters
[0.303s] Level 1:colcon.colcon_core.package_discovery:discover_packages(recursive) check parameters
[0.303s] Level 1:colcon.colcon_core.package_discovery:discover_packages(ignore) check parameters
[0.303s] Level 1:colcon.colcon_core.package_discovery:discover_packages(path) check parameters
[0.303s] Level 1:colcon.colcon_core.package_discovery:discover_packages(colcon_meta) discover
[0.303s] Level 1:colcon.colcon_core.package_discovery:discover_packages(recursive) discover
[0.303s] INFO:colcon.colcon_core.package_discovery:Crawling recursively for packages in '/home/alejo/Paper/PETER_SIMULATION/WORKSPACES_ROS/PUTOSAM'
[0.303s] Level 1:colcon.colcon_core.package_identification:_identify(.) by extensions ['ignore', 'ignore_ament_install']
[0.303s] Level 1:colcon.colcon_core.package_identification:_identify(.) by extension 'ignore'
[0.303s] Level 1:colcon.colcon_core.package_identification:_identify(.) by extension 'ignore_ament_install'
[0.303s] Level 1:colcon.colcon_core.package_identification:_identify(.) by extensions ['colcon_pkg']
[0.304s] Level 1:colcon.colcon_core.package_identification:_identify(.) by extension 'colcon_pkg'
[0.304s] Level 1:colcon.colcon_core.package_identification:_identify(.) by extensions ['colcon_meta']
[0.304s] Level 1:colcon.colcon_core.package_identification:_identify(.) by extension 'colcon_meta'
[0.304s] Level 1:colcon.colcon_core.package_identification:_identify(.) by extensions ['ros']
[0.304s] Level 1:colcon.colcon_core.package_identification:_identify(.) by extension 'ros'
[0.313s] Level 1:colcon.colcon_core.package_identification:_identify(.) by extensions ['cmake', 'python']
[0.313s] Level 1:colcon.colcon_core.package_identification:_identify(.) by extension 'cmake'
[0.313s] Level 1:colcon.colcon_core.package_identification:_identify(.) by extension 'python'
[0.313s] Level 1:colcon.colcon_core.package_identification:_identify(.) by extensions ['python_setup_py']
[0.313s] Level 1:colcon.colcon_core.package_identification:_identify(.) by extension 'python_setup_py'
[0.313s] Level 1:colcon.colcon_core.package_identification:_identify(build) by extensions ['ignore', 'ignore_ament_install']
[0.313s] Level 1:colcon.colcon_core.package_identification:_identify(build) by extension 'ignore'
[0.313s] Level 1:colcon.colcon_core.package_identification:_identify(build) ignored
[0.313s] Level 1:colcon.colcon_core.package_identification:_identify(install) by extensions ['ignore', 'ignore_ament_install']
[0.314s] Level 1:colcon.colcon_core.package_identification:_identify(install) by extension 'ignore'
[0.314s] Level 1:colcon.colcon_core.package_identification:_identify(install) ignored
[0.314s] Level 1:colcon.colcon_core.package_identification:_identify(log) by extensions ['ignore', 'ignore_ament_install']
[0.314s] Level 1:colcon.colcon_core.package_identification:_identify(log) by extension 'ignore'
[0.314s] Level 1:colcon.colcon_core.package_identification:_identify(log) ignored
[0.314s] Level 1:colcon.colcon_core.package_identification:_identify(src) by extensions ['ignore', 'ignore_ament_install']
[0.314s] Level 1:colcon.colcon_core.package_identification:_identify(src) by extension 'ignore'
[0.314s] Level 1:colcon.colcon_core.package_identification:_identify(src) by extension 'ignore_ament_install'
[0.314s] Level 1:colcon.colcon_core.package_identification:_identify(src) by extensions ['colcon_pkg']
[0.314s] Level 1:colcon.colcon_core.package_identification:_identify(src) by extension 'colcon_pkg'
[0.314s] Level 1:colcon.colcon_core.package_identification:_identify(src) by extensions ['colcon_meta']
[0.314s] Level 1:colcon.colcon_core.package_identification:_identify(src) by extension 'colcon_meta'
[0.314s] Level 1:colcon.colcon_core.package_identification:_identify(src) by extensions ['ros']
[0.314s] Level 1:colcon.colcon_core.package_identification:_identify(src) by extension 'ros'
[0.314s] Level 1:colcon.colcon_core.package_identification:_identify(src) by extensions ['cmake', 'python']
[0.314s] Level 1:colcon.colcon_core.package_identification:_identify(src) by extension 'cmake'
[0.314s] Level 1:colcon.colcon_core.package_identification:_identify(src) by extension 'python'
[0.314s] Level 1:colcon.colcon_core.package_identification:_identify(src) by extensions ['python_setup_py']
[0.314s] Level 1:colcon.colcon_core.package_identification:_identify(src) by extension 'python_setup_py'
[0.314s] Level 1:colcon.colcon_core.package_identification:_identify(src/camera) by extensions ['ignore', 'ignore_ament_install']
[0.314s] Level 1:colcon.colcon_core.package_identification:_identify(src/camera) by extension 'ignore'
[0.314s] Level 1:colcon.colcon_core.package_identification:_identify(src/camera) by extension 'ignore_ament_install'
[0.315s] Level 1:colcon.colcon_core.package_identification:_identify(src/camera) by extensions ['colcon_pkg']
[0.315s] Level 1:colcon.colcon_core.package_identification:_identify(src/camera) by extension 'colcon_pkg'
[0.315s] Level 1:colcon.colcon_core.package_identification:_identify(src/camera) by extensions ['colcon_meta']
[0.315s] Level 1:colcon.colcon_core.package_identification:_identify(src/camera) by extension 'colcon_meta'
[0.315s] Level 1:colcon.colcon_core.package_identification:_identify(src/camera) by extensions ['ros']
[0.315s] Level 1:colcon.colcon_core.package_identification:_identify(src/camera) by extension 'ros'
[0.318s] DEBUG:colcon.colcon_core.package_identification:Package 'src/camera' with type 'ros.ament_cmake' and name 'camera'
[0.319s] Level 1:colcon.colcon_core.package_identification:_identify(src/peter_robot) by extensions ['ignore', 'ignore_ament_install']
[0.319s] Level 1:colcon.colcon_core.package_identification:_identify(src/peter_robot) by extension 'ignore'
[0.319s] Level 1:colcon.colcon_core.package_identification:_identify(src/peter_robot) by extension 'ignore_ament_install'
[0.319s] Level 1:colcon.colcon_core.package_identification:_identify(src/peter_robot) by extensions ['colcon_pkg']
[0.319s] Level 1:colcon.colcon_core.package_identification:_identify(src/peter_robot) by extension 'colcon_pkg'
[0.320s] Level 1:colcon.colcon_core.package_identification:_identify(src/peter_robot) by extensions ['colcon_meta']
[0.320s] Level 1:colcon.colcon_core.package_identification:_identify(src/peter_robot) by extension 'colcon_meta'
[0.320s] Level 1:colcon.colcon_core.package_identification:_identify(src/peter_robot) by extensions ['ros']
[0.320s] Level 1:colcon.colcon_core.package_identification:_identify(src/peter_robot) by extension 'ros'
[0.321s] DEBUG:colcon.colcon_core.package_identification:Package 'src/peter_robot' with type 'ros.ament_python' and name 'peter_robot'
[0.322s] Level 1:colcon.colcon_core.package_discovery:discover_packages(recursive) using defaults
[0.322s] Level 1:colcon.colcon_core.package_discovery:discover_packages(ignore) discover
[0.322s] Level 1:colcon.colcon_core.package_discovery:discover_packages(ignore) using defaults
[0.322s] Level 1:colcon.colcon_core.package_discovery:discover_packages(path) discover
[0.322s] Level 1:colcon.colcon_core.package_discovery:discover_packages(path) using defaults
[0.361s] Level 1:colcon.colcon_core.package_discovery:discover_packages(prefix_path) check parameters
[0.362s] Level 1:colcon.colcon_core.package_discovery:discover_packages(prefix_path) discover
[0.364s] DEBUG:colcon.colcon_installed_package_information.package_discovery:Found 2 installed packages in /home/alejo/Paper/PETER_SIMULATION/WORKSPACES_ROS/PUTOSAM/install
[0.366s] DEBUG:colcon.colcon_installed_package_information.package_discovery:Found 327 installed packages in /opt/ros/humble
[0.368s] Level 1:colcon.colcon_core.package_discovery:discover_packages(prefix_path) using defaults
[0.408s] Level 5:colcon.colcon_core.verb:set package 'camera' build argument 'cmake_args' from command line to 'None'
[0.408s] Level 5:colcon.colcon_core.verb:set package 'camera' build argument 'cmake_target' from command line to 'None'
[0.408s] Level 5:colcon.colcon_core.verb:set package 'camera' build argument 'cmake_target_skip_unavailable' from command line to 'False'
[0.408s] Level 5:colcon.colcon_core.verb:set package 'camera' build argument 'cmake_clean_cache' from command line to 'False'
[0.408s] Level 5:colcon.colcon_core.verb:set package 'camera' build argument 'cmake_clean_first' from command line to 'False'
[0.408s] Level 5:colcon.colcon_core.verb:set package 'camera' build argument 'cmake_force_configure' from command line to 'False'
[0.408s] Level 5:colcon.colcon_core.verb:set package 'camera' build argument 'ament_cmake_args' from command line to 'None'
[0.408s] Level 5:colcon.colcon_core.verb:set package 'camera' build argument 'catkin_cmake_args' from command line to 'None'
[0.409s] Level 5:colcon.colcon_core.verb:set package 'camera' build argument 'catkin_skip_building_tests' from command line to 'False'
[0.409s] DEBUG:colcon.colcon_core.verb:Building package 'camera' with the following arguments: {'ament_cmake_args': None, 'build_base': '/home/alejo/Paper/PETER_SIMULATION/WORKSPACES_ROS/PUTOSAM/build/camera', 'catkin_cmake_args': None, 'catkin_skip_building_tests': False, 'cmake_args': None, 'cmake_clean_cache': False, 'cmake_clean_first': False, 'cmake_force_configure': False, 'cmake_target': None, 'cmake_target_skip_unavailable': False, 'install_base': '/home/alejo/Paper/PETER_SIMULATION/WORKSPACES_ROS/PUTOSAM/install/camera', 'merge_install': False, 'path': '/home/alejo/Paper/PETER_SIMULATION/WORKSPACES_ROS/PUTOSAM/src/camera', 'symlink_install': False, 'test_result_base': None}
[0.409s] Level 5:colcon.colcon_core.verb:set package 'peter_robot' build argument 'cmake_args' from command line to 'None'
[0.409s] Level 5:colcon.colcon_core.verb:set package 'peter_robot' build argument 'cmake_target' from command line to 'None'
[0.409s] Level 5:colcon.colcon_core.verb:set package 'peter_robot' build argument 'cmake_target_skip_unavailable' from command line to 'False'
[0.409s] Level 5:colcon.colcon_core.verb:set package 'peter_robot' build argument 'cmake_clean_cache' from command line to 'False'
[0.409s] Level 5:colcon.colcon_core.verb:set package 'peter_robot' build argument 'cmake_clean_first' from command line to 'False'
[0.409s] Level 5:colcon.colcon_core.verb:set package 'peter_robot' build argument 'cmake_force_configure' from command line to 'False'
[0.409s] Level 5:colcon.colcon_core.verb:set package 'peter_robot' build argument 'ament_cmake_args' from command line to 'None'
[0.409s] Level 5:colcon.colcon_core.verb:set package 'peter_robot' build argument 'catkin_cmake_args' from command line to 'None'
[0.409s] Level 5:colcon.colcon_core.verb:set package 'peter_robot' build argument 'catkin_skip_building_tests' from command line to 'False'
[0.409s] DEBUG:colcon.colcon_core.verb:Building package 'peter_robot' with the following arguments: {'ament_cmake_args': None, 'build_base': '/home/alejo/Paper/PETER_SIMULATION/WORKSPACES_ROS/PUTOSAM/build/peter_robot', 'catkin_cmake_args': None, 'catkin_skip_building_tests': False, 'cmake_args': None, 'cmake_clean_cache': False, 'cmake_clean_first': False, 'cmake_force_configure': False, 'cmake_target': None, 'cmake_target_skip_unavailable': False, 'install_base': '/home/alejo/Paper/PETER_SIMULATION/WORKSPACES_ROS/PUTOSAM/install/peter_robot', 'merge_install': False, 'path': '/home/alejo/Paper/PETER_SIMULATION/WORKSPACES_ROS/PUTOSAM/src/peter_robot', 'symlink_install': False, 'test_result_base': None}
[0.409s] INFO:colcon.colcon_core.executor:Executing jobs using 'parallel' executor
[0.410s] DEBUG:colcon.colcon_parallel_executor.executor.parallel:run_until_complete
[0.410s] INFO:colcon.colcon_ros.task.ament_cmake.build:Building ROS package in '/home/alejo/Paper/PETER_SIMULATION/WORKSPACES_ROS/PUTOSAM/src/camera' with build type 'ament_cmake'
[0.410s] INFO:colcon.colcon_cmake.task.cmake.build:Building CMake package in '/home/alejo/Paper/PETER_SIMULATION/WORKSPACES_ROS/PUTOSAM/src/camera'
[0.412s] INFO:colcon.colcon_core.plugin_system:Skipping extension 'colcon_core.shell.bat': Not used on non-Windows systems
[0.412s] INFO:colcon.colcon_core.shell:Skip shell extension 'powershell' for command environment: Not usable outside of PowerShell
[0.412s] DEBUG:colcon.colcon_core.shell:Skip shell extension 'dsv' for command environment
[0.417s] INFO:colcon.colcon_ros.task.ament_python.build:Building ROS package in '/home/alejo/Paper/PETER_SIMULATION/WORKSPACES_ROS/PUTOSAM/src/peter_robot' with build type 'ament_python'
[0.418s] Level 1:colcon.colcon_core.shell:create_environment_hook('peter_robot', 'ament_prefix_path')
[0.418s] INFO:colcon.colcon_core.shell:Creating environment hook '/home/alejo/Paper/PETER_SIMULATION/WORKSPACES_ROS/PUTOSAM/install/peter_robot/share/peter_robot/hook/ament_prefix_path.ps1'
[0.420s] INFO:colcon.colcon_core.shell:Creating environment descriptor '/home/alejo/Paper/PETER_SIMULATION/WORKSPACES_ROS/PUTOSAM/install/peter_robot/share/peter_robot/hook/ament_prefix_path.dsv'
[0.421s] INFO:colcon.colcon_core.shell:Creating environment hook '/home/alejo/Paper/PETER_SIMULATION/WORKSPACES_ROS/PUTOSAM/install/peter_robot/share/peter_robot/hook/ament_prefix_path.sh'
[0.422s] INFO:colcon.colcon_core.shell:Skip shell extension 'powershell' for command environment: Not usable outside of PowerShell
[0.422s] DEBUG:colcon.colcon_core.shell:Skip shell extension 'dsv' for command environment
[0.430s] DEBUG:colcon.colcon_core.event_handler.log_command:Invoking command in '/home/alejo/Paper/PETER_SIMULATION/WORKSPACES_ROS/PUTOSAM/build/camera': CMAKE_PREFIX_PATH=${CMAKE_PREFIX_PATH}:/home/alejo/Paper/PETER_SIMULATION/WORKSPACES_ROS/PUTOSAM/install/peter_robot:/opt/ros/humble /usr/bin/cmake --build /home/alejo/Paper/PETER_SIMULATION/WORKSPACES_ROS/PUTOSAM/build/camera -- -j16 -l16
[0.736s] INFO:colcon.colcon_core.task.python.build:Building Python package in '/home/alejo/Paper/PETER_SIMULATION/WORKSPACES_ROS/PUTOSAM/src/peter_robot'
[0.736s] INFO:colcon.colcon_core.shell:Skip shell extension 'powershell' for command environment: Not usable outside of PowerShell
[0.736s] DEBUG:colcon.colcon_core.shell:Skip shell extension 'dsv' for command environment
[0.740s] DEBUG:colcon.colcon_core.event_handler.log_command:Invoked command in '/home/alejo/Paper/PETER_SIMULATION/WORKSPACES_ROS/PUTOSAM/build/camera' returned '0': CMAKE_PREFIX_PATH=${CMAKE_PREFIX_PATH}:/home/alejo/Paper/PETER_SIMULATION/WORKSPACES_ROS/PUTOSAM/install/peter_robot:/opt/ros/humble /usr/bin/cmake --build /home/alejo/Paper/PETER_SIMULATION/WORKSPACES_ROS/PUTOSAM/build/camera -- -j16 -l16
[0.784s] DEBUG:colcon.colcon_core.event_handler.log_command:Invoking command in '/home/alejo/Paper/PETER_SIMULATION/WORKSPACES_ROS/PUTOSAM/build/camera': CMAKE_PREFIX_PATH=${CMAKE_PREFIX_PATH}:/home/alejo/Paper/PETER_SIMULATION/WORKSPACES_ROS/PUTOSAM/install/peter_robot:/opt/ros/humble /usr/bin/cmake --install /home/alejo/Paper/PETER_SIMULATION/WORKSPACES_ROS/PUTOSAM/build/camera
[0.798s] Level 1:colcon.colcon_core.environment:create_environment_scripts_only(camera)
[0.799s] DEBUG:colcon.colcon_core.event_handler.log_command:Invoked command in '/home/alejo/Paper/PETER_SIMULATION/WORKSPACES_ROS/PUTOSAM/build/camera' returned '0': CMAKE_PREFIX_PATH=${CMAKE_PREFIX_PATH}:/home/alejo/Paper/PETER_SIMULATION/WORKSPACES_ROS/PUTOSAM/install/peter_robot:/opt/ros/humble /usr/bin/cmake --install /home/alejo/Paper/PETER_SIMULATION/WORKSPACES_ROS/PUTOSAM/build/camera
[0.801s] Level 1:colcon.colcon_core.environment:checking '/home/alejo/Paper/PETER_SIMULATION/WORKSPACES_ROS/PUTOSAM/install/camera' for CMake module files
[0.801s] Level 1:colcon.colcon_core.environment:checking '/home/alejo/Paper/PETER_SIMULATION/WORKSPACES_ROS/PUTOSAM/install/camera' for CMake config files
[0.801s] Level 1:colcon.colcon_core.shell:create_environment_hook('camera', 'cmake_prefix_path')
[0.801s] INFO:colcon.colcon_core.shell:Creating environment hook '/home/alejo/Paper/PETER_SIMULATION/WORKSPACES_ROS/PUTOSAM/install/camera/share/camera/hook/cmake_prefix_path.ps1'
[0.802s] INFO:colcon.colcon_core.shell:Creating environment descriptor '/home/alejo/Paper/PETER_SIMULATION/WORKSPACES_ROS/PUTOSAM/install/camera/share/camera/hook/cmake_prefix_path.dsv'
[0.802s] INFO:colcon.colcon_core.shell:Creating environment hook '/home/alejo/Paper/PETER_SIMULATION/WORKSPACES_ROS/PUTOSAM/install/camera/share/camera/hook/cmake_prefix_path.sh'
[0.803s] Level 1:colcon.colcon_core.environment:checking '/home/alejo/Paper/PETER_SIMULATION/WORKSPACES_ROS/PUTOSAM/install/camera/lib'
[0.803s] Level 1:colcon.colcon_core.environment:checking '/home/alejo/Paper/PETER_SIMULATION/WORKSPACES_ROS/PUTOSAM/install/camera/bin'
[0.803s] Level 1:colcon.colcon_core.environment:checking '/home/alejo/Paper/PETER_SIMULATION/WORKSPACES_ROS/PUTOSAM/install/camera/lib/pkgconfig/camera.pc'
[0.803s] Level 1:colcon.colcon_core.environment:checking '/home/alejo/Paper/PETER_SIMULATION/WORKSPACES_ROS/PUTOSAM/install/camera/lib/python3.10/site-packages'
[0.803s] Level 1:colcon.colcon_core.environment:checking '/home/alejo/Paper/PETER_SIMULATION/WORKSPACES_ROS/PUTOSAM/install/camera/bin'
[0.803s] INFO:colcon.colcon_core.shell:Creating package script '/home/alejo/Paper/PETER_SIMULATION/WORKSPACES_ROS/PUTOSAM/install/camera/share/camera/package.ps1'
[0.804s] INFO:colcon.colcon_core.shell:Creating package descriptor '/home/alejo/Paper/PETER_SIMULATION/WORKSPACES_ROS/PUTOSAM/install/camera/share/camera/package.dsv'
[0.804s] INFO:colcon.colcon_core.shell:Creating package script '/home/alejo/Paper/PETER_SIMULATION/WORKSPACES_ROS/PUTOSAM/install/camera/share/camera/package.sh'
[0.805s] INFO:colcon.colcon_core.shell:Creating package script '/home/alejo/Paper/PETER_SIMULATION/WORKSPACES_ROS/PUTOSAM/install/camera/share/camera/package.bash'
[0.806s] INFO:colcon.colcon_core.shell:Creating package script '/home/alejo/Paper/PETER_SIMULATION/WORKSPACES_ROS/PUTOSAM/install/camera/share/camera/package.zsh'
[0.806s] Level 1:colcon.colcon_core.environment:create_file_with_runtime_dependencies(/home/alejo/Paper/PETER_SIMULATION/WORKSPACES_ROS/PUTOSAM/install/camera/share/colcon-core/packages/camera)
[0.835s] Level 1:colcon.colcon_core.environment:create_environment_scripts_only(camera)
[0.836s] Level 1:colcon.colcon_core.environment:checking '/home/alejo/Paper/PETER_SIMULATION/WORKSPACES_ROS/PUTOSAM/install/camera' for CMake module files
[0.836s] Level 1:colcon.colcon_core.environment:checking '/home/alejo/Paper/PETER_SIMULATION/WORKSPACES_ROS/PUTOSAM/install/camera' for CMake config files
[0.836s] Level 1:colcon.colcon_core.shell:create_environment_hook('camera', 'cmake_prefix_path')
[0.836s] INFO:colcon.colcon_core.shell:Creating environment hook '/home/alejo/Paper/PETER_SIMULATION/WORKSPACES_ROS/PUTOSAM/install/camera/share/camera/hook/cmake_prefix_path.ps1'
[0.837s] INFO:colcon.colcon_core.shell:Creating environment descriptor '/home/alejo/Paper/PETER_SIMULATION/WORKSPACES_ROS/PUTOSAM/install/camera/share/camera/hook/cmake_prefix_path.dsv'
[0.837s] INFO:colcon.colcon_core.shell:Creating environment hook '/home/alejo/Paper/PETER_SIMULATION/WORKSPACES_ROS/PUTOSAM/install/camera/share/camera/hook/cmake_prefix_path.sh'
[0.838s] Level 1:colcon.colcon_core.environment:checking '/home/alejo/Paper/PETER_SIMULATION/WORKSPACES_ROS/PUTOSAM/install/camera/lib'
[0.838s] Level 1:colcon.colcon_core.environment:checking '/home/alejo/Paper/PETER_SIMULATION/WORKSPACES_ROS/PUTOSAM/install/camera/bin'
[0.838s] Level 1:colcon.colcon_core.environment:checking '/home/alejo/Paper/PETER_SIMULATION/WORKSPACES_ROS/PUTOSAM/install/camera/lib/pkgconfig/camera.pc'
[0.839s] Level 1:colcon.colcon_core.environment:checking '/home/alejo/Paper/PETER_SIMULATION/WORKSPACES_ROS/PUTOSAM/install/camera/lib/python3.10/site-packages'
[0.839s] Level 1:colcon.colcon_core.environment:checking '/home/alejo/Paper/PETER_SIMULATION/WORKSPACES_ROS/PUTOSAM/install/camera/bin'
[0.839s] INFO:colcon.colcon_core.shell:Creating package script '/home/alejo/Paper/PETER_SIMULATION/WORKSPACES_ROS/PUTOSAM/install/camera/share/camera/package.ps1'
[0.840s] INFO:colcon.colcon_core.shell:Creating package descriptor '/home/alejo/Paper/PETER_SIMULATION/WORKSPACES_ROS/PUTOSAM/install/camera/share/camera/package.dsv'
[0.840s] INFO:colcon.colcon_core.shell:Creating package script '/home/alejo/Paper/PETER_SIMULATION/WORKSPACES_ROS/PUTOSAM/install/camera/share/camera/package.sh'
[0.841s] INFO:colcon.colcon_core.shell:Creating package script '/home/alejo/Paper/PETER_SIMULATION/WORKSPACES_ROS/PUTOSAM/install/camera/share/camera/package.bash'
[0.842s] INFO:colcon.colcon_core.shell:Creating package script '/home/alejo/Paper/PETER_SIMULATION/WORKSPACES_ROS/PUTOSAM/install/camera/share/camera/package.zsh'
[0.842s] Level 1:colcon.colcon_core.environment:create_file_with_runtime_dependencies(/home/alejo/Paper/PETER_SIMULATION/WORKSPACES_ROS/PUTOSAM/install/camera/share/colcon-core/packages/camera)
[1.234s] DEBUG:colcon.colcon_core.event_handler.log_command:Invoking command in '/home/alejo/Paper/PETER_SIMULATION/WORKSPACES_ROS/PUTOSAM/src/peter_robot': PYTHONPATH=/home/alejo/Paper/PETER_SIMULATION/WORKSPACES_ROS/PUTOSAM/build/peter_robot/prefix_override:/usr/lib/python3/dist-packages/colcon_core/task/python/colcon_distutils_commands:/home/alejo/Paper/PETER_SIMULATION/WORKSPACES_ROS/PUTOSAM/install/peter_robot/lib/python3.10/site-packages:${PYTHONPATH} /usr/bin/python3 -W ignore:setup.py install is deprecated setup.py egg_info --egg-base ../../build/peter_robot build --build-base /home/alejo/Paper/PETER_SIMULATION/WORKSPACES_ROS/PUTOSAM/build/peter_robot/build install --record /home/alejo/Paper/PETER_SIMULATION/WORKSPACES_ROS/PUTOSAM/build/peter_robot/install.log --single-version-externally-managed install_data
[1.642s] Level 1:colcon.colcon_core.environment:checking '/home/alejo/Paper/PETER_SIMULATION/WORKSPACES_ROS/PUTOSAM/install/peter_robot' for CMake module files
[1.643s] DEBUG:colcon.colcon_core.event_handler.log_command:Invoked command in '/home/alejo/Paper/PETER_SIMULATION/WORKSPACES_ROS/PUTOSAM/src/peter_robot' returned '0': PYTHONPATH=/home/alejo/Paper/PETER_SIMULATION/WORKSPACES_ROS/PUTOSAM/build/peter_robot/prefix_override:/usr/lib/python3/dist-packages/colcon_core/task/python/colcon_distutils_commands:/home/alejo/Paper/PETER_SIMULATION/WORKSPACES_ROS/PUTOSAM/install/peter_robot/lib/python3.10/site-packages:${PYTHONPATH} /usr/bin/python3 -W ignore:setup.py install is deprecated setup.py egg_info --egg-base ../../build/peter_robot build --build-base /home/alejo/Paper/PETER_SIMULATION/WORKSPACES_ROS/PUTOSAM/build/peter_robot/build install --record /home/alejo/Paper/PETER_SIMULATION/WORKSPACES_ROS/PUTOSAM/build/peter_robot/install.log --single-version-externally-managed install_data
[1.643s] Level 1:colcon.colcon_core.environment:checking '/home/alejo/Paper/PETER_SIMULATION/WORKSPACES_ROS/PUTOSAM/install/peter_robot' for CMake config files
[1.644s] Level 1:colcon.colcon_core.environment:checking '/home/alejo/Paper/PETER_SIMULATION/WORKSPACES_ROS/PUTOSAM/install/peter_robot/lib'
[1.644s] Level 1:colcon.colcon_core.environment:checking '/home/alejo/Paper/PETER_SIMULATION/WORKSPACES_ROS/PUTOSAM/install/peter_robot/bin'
[1.644s] Level 1:colcon.colcon_core.environment:checking '/home/alejo/Paper/PETER_SIMULATION/WORKSPACES_ROS/PUTOSAM/install/peter_robot/lib/pkgconfig/peter_robot.pc'
[1.644s] Level 1:colcon.colcon_core.environment:checking '/home/alejo/Paper/PETER_SIMULATION/WORKSPACES_ROS/PUTOSAM/install/peter_robot/lib/python3.10/site-packages'
[1.644s] Level 1:colcon.colcon_core.shell:create_environment_hook('peter_robot', 'pythonpath')
[1.645s] INFO:colcon.colcon_core.shell:Creating environment hook '/home/alejo/Paper/PETER_SIMULATION/WORKSPACES_ROS/PUTOSAM/install/peter_robot/share/peter_robot/hook/pythonpath.ps1'
[1.646s] INFO:colcon.colcon_core.shell:Creating environment descriptor '/home/alejo/Paper/PETER_SIMULATION/WORKSPACES_ROS/PUTOSAM/install/peter_robot/share/peter_robot/hook/pythonpath.dsv'
[1.646s] INFO:colcon.colcon_core.shell:Creating environment hook '/home/alejo/Paper/PETER_SIMULATION/WORKSPACES_ROS/PUTOSAM/install/peter_robot/share/peter_robot/hook/pythonpath.sh'
[1.647s] Level 1:colcon.colcon_core.environment:checking '/home/alejo/Paper/PETER_SIMULATION/WORKSPACES_ROS/PUTOSAM/install/peter_robot/bin'
[1.647s] Level 1:colcon.colcon_core.environment:create_environment_scripts_only(peter_robot)
[1.647s] INFO:colcon.colcon_core.shell:Creating package script '/home/alejo/Paper/PETER_SIMULATION/WORKSPACES_ROS/PUTOSAM/install/peter_robot/share/peter_robot/package.ps1'
[1.648s] INFO:colcon.colcon_core.shell:Creating package descriptor '/home/alejo/Paper/PETER_SIMULATION/WORKSPACES_ROS/PUTOSAM/install/peter_robot/share/peter_robot/package.dsv'
[1.649s] INFO:colcon.colcon_core.shell:Creating package script '/home/alejo/Paper/PETER_SIMULATION/WORKSPACES_ROS/PUTOSAM/install/peter_robot/share/peter_robot/package.sh'
[1.650s] INFO:colcon.colcon_core.shell:Creating package script '/home/alejo/Paper/PETER_SIMULATION/WORKSPACES_ROS/PUTOSAM/install/peter_robot/share/peter_robot/package.bash'
[1.650s] INFO:colcon.colcon_core.shell:Creating package script '/home/alejo/Paper/PETER_SIMULATION/WORKSPACES_ROS/PUTOSAM/install/peter_robot/share/peter_robot/package.zsh'
[1.651s] Level 1:colcon.colcon_core.environment:create_file_with_runtime_dependencies(/home/alejo/Paper/PETER_SIMULATION/WORKSPACES_ROS/PUTOSAM/install/peter_robot/share/colcon-core/packages/peter_robot)
[1.651s] DEBUG:colcon.colcon_parallel_executor.executor.parallel:closing loop
[1.652s] DEBUG:colcon.colcon_parallel_executor.executor.parallel:loop closed
[1.652s] DEBUG:colcon.colcon_parallel_executor.executor.parallel:run_until_complete finished with '0'
[1.652s] DEBUG:colcon.colcon_core.event_reactor:joining thread
[1.658s] INFO:colcon.colcon_core.plugin_system:Skipping extension 'colcon_notification.desktop_notification.terminal_notifier': Not used on non-Darwin systems
[1.658s] INFO:colcon.colcon_core.plugin_system:Skipping extension 'colcon_notification.desktop_notification.win32': Not used on non-Windows systems
[1.658s] INFO:colcon.colcon_notification.desktop_notification:Sending desktop notification using 'notify2'
[1.676s] DEBUG:colcon.colcon_core.event_reactor:joined thread
[1.676s] INFO:colcon.colcon_core.shell:Creating prefix script '/home/alejo/Paper/PETER_SIMULATION/WORKSPACES_ROS/PUTOSAM/install/local_setup.ps1'
[1.678s] INFO:colcon.colcon_core.shell:Creating prefix util module '/home/alejo/Paper/PETER_SIMULATION/WORKSPACES_ROS/PUTOSAM/install/_local_setup_util_ps1.py'
[1.680s] INFO:colcon.colcon_core.shell:Creating prefix chain script '/home/alejo/Paper/PETER_SIMULATION/WORKSPACES_ROS/PUTOSAM/install/setup.ps1'
[1.682s] INFO:colcon.colcon_core.shell:Creating prefix script '/home/alejo/Paper/PETER_SIMULATION/WORKSPACES_ROS/PUTOSAM/install/local_setup.sh'
[1.683s] INFO:colcon.colcon_core.shell:Creating prefix util module '/home/alejo/Paper/PETER_SIMULATION/WORKSPACES_ROS/PUTOSAM/install/_local_setup_util_sh.py'
[1.683s] INFO:colcon.colcon_core.shell:Creating prefix chain script '/home/alejo/Paper/PETER_SIMULATION/WORKSPACES_ROS/PUTOSAM/install/setup.sh'
[1.685s] INFO:colcon.colcon_core.shell:Creating prefix script '/home/alejo/Paper/PETER_SIMULATION/WORKSPACES_ROS/PUTOSAM/install/local_setup.bash'
[1.686s] INFO:colcon.colcon_core.shell:Creating prefix chain script '/home/alejo/Paper/PETER_SIMULATION/WORKSPACES_ROS/PUTOSAM/install/setup.bash'
[1.687s] INFO:colcon.colcon_core.shell:Creating prefix script '/home/alejo/Paper/PETER_SIMULATION/WORKSPACES_ROS/PUTOSAM/install/local_setup.zsh'
[1.688s] INFO:colcon.colcon_core.shell:Creating prefix chain script '/home/alejo/Paper/PETER_SIMULATION/WORKSPACES_ROS/PUTOSAM/install/setup.zsh'
