[0.012s] Invoking command in '/home/alejo/Paper/PETER_SIMULATION/WORKSPACES_ROS/PUTOSAM/build/camera': CMAKE_PREFIX_PATH=/home/alejo/Paper/PETER_SIMULATION/WORKSPACES_ROS/PUTOSAM/install/peter_robot:/opt/ros/humble /usr/bin/cmake /home/alejo/Paper/PETER_SIMULATION/WORKSPACES_ROS/PUTOSAM/src/camera -DCMAKE_INSTALL_PREFIX=/home/alejo/Paper/PETER_SIMULATION/WORKSPACES_ROS/PUTOSAM/install/camera
[0.118s] -- The C compiler identification is GNU 11.4.0
[0.197s] -- The CXX compiler identification is GNU 11.4.0
[0.207s] -- Detecting C compiler ABI info
[0.276s] -- Detecting C compiler ABI info - done
[0.285s] -- Check for working C compiler: /usr/bin/cc - skipped
[0.286s] -- Detecting C compile features
[0.286s] -- Detecting C compile features - done
[0.290s] -- Detecting CXX compiler ABI info
[0.363s] -- Detecting CXX compiler ABI info - done
[0.368s] -- Check for working CXX compiler: /usr/bin/c++ - skipped
[0.368s] -- Detecting CXX compile features
[0.368s] -- Detecting CXX compile features - done
[0.374s] -- Found ament_cmake: 1.3.10 (/opt/ros/humble/share/ament_cmake/cmake)
[0.491s] -- Found Python3: /usr/bin/python3 (found version "3.10.12") found components: Interpreter 
[0.577s] -- Found rclpy: 3.3.14 (/opt/ros/humble/share/rclpy/cmake)
[0.578s] -- Found ament_lint_auto: 0.12.11 (/opt/ros/humble/share/ament_lint_auto/cmake)
[0.642s] -- Added test 'flake8' to check Python code syntax and style conventions
[0.643s] -- Added test 'lint_cmake' to check CMake code style
[0.643s] -- Added test 'pep257' to check Python code against some of the docstring style conventions in PEP 257
[0.644s] -- Added test 'xmllint' to check XML markup files
[0.646s] -- Configuring done
[0.648s] -- Generating done
[0.649s] -- Build files have been written to: /home/alejo/Paper/PETER_SIMULATION/WORKSPACES_ROS/PUTOSAM/build/camera
[0.653s] Invoked command in '/home/alejo/Paper/PETER_SIMULATION/WORKSPACES_ROS/PUTOSAM/build/camera' returned '0': CMAKE_PREFIX_PATH=/home/alejo/Paper/PETER_SIMULATION/WORKSPACES_ROS/PUTOSAM/install/peter_robot:/opt/ros/humble /usr/bin/cmake /home/alejo/Paper/PETER_SIMULATION/WORKSPACES_ROS/PUTOSAM/src/camera -DCMAKE_INSTALL_PREFIX=/home/alejo/Paper/PETER_SIMULATION/WORKSPACES_ROS/PUTOSAM/install/camera
[0.654s] Invoking command in '/home/alejo/Paper/PETER_SIMULATION/WORKSPACES_ROS/PUTOSAM/build/camera': CMAKE_PREFIX_PATH=/home/alejo/Paper/PETER_SIMULATION/WORKSPACES_ROS/PUTOSAM/install/peter_robot:/opt/ros/humble /usr/bin/cmake --build /home/alejo/Paper/PETER_SIMULATION/WORKSPACES_ROS/PUTOSAM/build/camera -- -j16 -l16
[0.691s] Invoked command in '/home/alejo/Paper/PETER_SIMULATION/WORKSPACES_ROS/PUTOSAM/build/camera' returned '0': CMAKE_PREFIX_PATH=/home/alejo/Paper/PETER_SIMULATION/WORKSPACES_ROS/PUTOSAM/install/peter_robot:/opt/ros/humble /usr/bin/cmake --build /home/alejo/Paper/PETER_SIMULATION/WORKSPACES_ROS/PUTOSAM/build/camera -- -j16 -l16
[0.722s] Invoking command in '/home/alejo/Paper/PETER_SIMULATION/WORKSPACES_ROS/PUTOSAM/build/camera': CMAKE_PREFIX_PATH=/home/alejo/Paper/PETER_SIMULATION/WORKSPACES_ROS/PUTOSAM/install/peter_robot:/opt/ros/humble /usr/bin/cmake --install /home/alejo/Paper/PETER_SIMULATION/WORKSPACES_ROS/PUTOSAM/build/camera
[0.730s] -- Install configuration: ""
[0.730s] -- Installing: /home/alejo/Paper/PETER_SIMULATION/WORKSPACES_ROS/PUTOSAM/install/camera/lib/camera/camera.py
[0.730s] -- Installing: /home/alejo/Paper/PETER_SIMULATION/WORKSPACES_ROS/PUTOSAM/install/camera/share/ament_index/resource_index/package_run_dependencies/camera
[0.730s] -- Installing: /home/alejo/Paper/PETER_SIMULATION/WORKSPACES_ROS/PUTOSAM/install/camera/share/ament_index/resource_index/parent_prefix_path/camera
[0.730s] -- Installing: /home/alejo/Paper/PETER_SIMULATION/WORKSPACES_ROS/PUTOSAM/install/camera/share/camera/environment/ament_prefix_path.sh
[0.730s] -- Installing: /home/alejo/Paper/PETER_SIMULATION/WORKSPACES_ROS/PUTOSAM/install/camera/share/camera/environment/ament_prefix_path.dsv
[0.731s] -- Installing: /home/alejo/Paper/PETER_SIMULATION/WORKSPACES_ROS/PUTOSAM/install/camera/share/camera/environment/path.sh
[0.731s] -- Installing: /home/alejo/Paper/PETER_SIMULATION/WORKSPACES_ROS/PUTOSAM/install/camera/share/camera/environment/path.dsv
[0.731s] -- Installing: /home/alejo/Paper/PETER_SIMULATION/WORKSPACES_ROS/PUTOSAM/install/camera/share/camera/local_setup.bash
[0.731s] -- Installing: /home/alejo/Paper/PETER_SIMULATION/WORKSPACES_ROS/PUTOSAM/install/camera/share/camera/local_setup.sh
[0.731s] -- Installing: /home/alejo/Paper/PETER_SIMULATION/WORKSPACES_ROS/PUTOSAM/install/camera/share/camera/local_setup.zsh
[0.731s] -- Installing: /home/alejo/Paper/PETER_SIMULATION/WORKSPACES_ROS/PUTOSAM/install/camera/share/camera/local_setup.dsv
[0.731s] -- Installing: /home/alejo/Paper/PETER_SIMULATION/WORKSPACES_ROS/PUTOSAM/install/camera/share/camera/package.dsv
[0.732s] -- Installing: /home/alejo/Paper/PETER_SIMULATION/WORKSPACES_ROS/PUTOSAM/install/camera/share/ament_index/resource_index/packages/camera
[0.732s] -- Installing: /home/alejo/Paper/PETER_SIMULATION/WORKSPACES_ROS/PUTOSAM/install/camera/share/camera/cmake/cameraConfig.cmake
[0.732s] -- Installing: /home/alejo/Paper/PETER_SIMULATION/WORKSPACES_ROS/PUTOSAM/install/camera/share/camera/cmake/cameraConfig-version.cmake
[0.732s] -- Installing: /home/alejo/Paper/PETER_SIMULATION/WORKSPACES_ROS/PUTOSAM/install/camera/share/camera/package.xml
[0.734s] Invoked command in '/home/alejo/Paper/PETER_SIMULATION/WORKSPACES_ROS/PUTOSAM/build/camera' returned '0': CMAKE_PREFIX_PATH=/home/alejo/Paper/PETER_SIMULATION/WORKSPACES_ROS/PUTOSAM/install/peter_robot:/opt/ros/humble /usr/bin/cmake --install /home/alejo/Paper/PETER_SIMULATION/WORKSPACES_ROS/PUTOSAM/build/camera
