[0.729s] Invoking command in '/home/alejo/Paper/PETER_SIMULATION/WORKSPACES_ROS/PUTOSAM/src/peter_robot': PYTHONPATH=/home/alejo/Paper/PETER_SIMULATION/WORKSPACES_ROS/PUTOSAM/build/peter_robot/prefix_override:/usr/lib/python3/dist-packages/colcon_core/task/python/colcon_distutils_commands:/home/alejo/Paper/PETER_SIMULATION/WORKSPACES_ROS/PUTOSAM/install/peter_robot/lib/python3.10/site-packages:${PYTHONPATH} /usr/bin/python3 -W ignore:setup.py install is deprecated setup.py egg_info --egg-base ../../build/peter_robot build --build-base /home/alejo/Paper/PETER_SIMULATION/WORKSPACES_ROS/PUTOSAM/build/peter_robot/build install --record /home/alejo/Paper/PETER_SIMULATION/WORKSPACES_ROS/PUTOSAM/build/peter_robot/install.log --single-version-externally-managed install_data
[0.986s] running egg_info
[0.986s] writing ../../build/peter_robot/peter_robot.egg-info/PKG-INFO
[0.986s] writing dependency_links to ../../build/peter_robot/peter_robot.egg-info/dependency_links.txt
[0.986s] writing entry points to ../../build/peter_robot/peter_robot.egg-info/entry_points.txt
[0.987s] writing requirements to ../../build/peter_robot/peter_robot.egg-info/requires.txt
[0.987s] writing top-level names to ../../build/peter_robot/peter_robot.egg-info/top_level.txt
[0.992s] reading manifest file '../../build/peter_robot/peter_robot.egg-info/SOURCES.txt'
[0.993s] writing manifest file '../../build/peter_robot/peter_robot.egg-info/SOURCES.txt'
[0.993s] running build
[0.993s] running build_py
[0.994s] running install
[0.994s] running install_lib
[0.995s] running install_data
[0.999s] running install_egg_info
[1.002s] removing '/home/alejo/Paper/PETER_SIMULATION/WORKSPACES_ROS/PUTOSAM/install/peter_robot/lib/python3.10/site-packages/peter_robot-0.0.0-py3.10.egg-info' (and everything under it)
[1.002s] Copying ../../build/peter_robot/peter_robot.egg-info to /home/alejo/Paper/PETER_SIMULATION/WORKSPACES_ROS/PUTOSAM/install/peter_robot/lib/python3.10/site-packages/peter_robot-0.0.0-py3.10.egg-info
[1.004s] running install_scripts
[1.021s] Installing peter_controller script to /home/alejo/Paper/PETER_SIMULATION/WORKSPACES_ROS/PUTOSAM/install/peter_robot/lib/peter_robot
[1.021s] Installing peter_teleop_keyboard script to /home/alejo/Paper/PETER_SIMULATION/WORKSPACES_ROS/PUTOSAM/install/peter_robot/lib/peter_robot
[1.021s] writing list of installed files to '/home/alejo/Paper/PETER_SIMULATION/WORKSPACES_ROS/PUTOSAM/build/peter_robot/install.log'
[1.075s] Invoked command in '/home/alejo/Paper/PETER_SIMULATION/WORKSPACES_ROS/PUTOSAM/src/peter_robot' returned '0': PYTHONPATH=/home/alejo/Paper/PETER_SIMULATION/WORKSPACES_ROS/PUTOSAM/build/peter_robot/prefix_override:/usr/lib/python3/dist-packages/colcon_core/task/python/colcon_distutils_commands:/home/alejo/Paper/PETER_SIMULATION/WORKSPACES_ROS/PUTOSAM/install/peter_robot/lib/python3.10/site-packages:${PYTHONPATH} /usr/bin/python3 -W ignore:setup.py install is deprecated setup.py egg_info --egg-base ../../build/peter_robot build --build-base /home/alejo/Paper/PETER_SIMULATION/WORKSPACES_ROS/PUTOSAM/build/peter_robot/build install --record /home/alejo/Paper/PETER_SIMULATION/WORKSPACES_ROS/PUTOSAM/build/peter_robot/install.log --single-version-externally-managed install_data
