[0.152s] DEBUG:colcon:Command line arguments: ['/usr/bin/colcon', 'list', '-p', '--base-paths', '/home/alejo/Paper/PETER_SIMULATION/WORKSPACES_ROS/PUTOSAM']
[0.152s] DEBUG:colcon:Parsed command line arguments: Namespace(log_base=None, log_level=None, verb_name='list', build_base='build', ignore_user_meta=False, metas=['./colcon.meta'], base_paths=['/home/alejo/Paper/PETER_SIMULATION/WORKSPACES_ROS/PUTOSAM'], packages_ignore=None, packages_ignore_regex=None, paths=None, packages_up_to=None, packages_up_to_regex=None, packages_above=None, packages_above_and_dependencies=None, packages_above_depth=None, packages_select_by_dep=None, packages_skip_by_dep=None, packages_skip_up_to=None, packages_select_build_failed=False, packages_skip_build_finished=False, packages_select_test_failures=False, packages_skip_test_passed=False, packages_select=None, packages_skip=None, packages_select_regex=None, packages_skip_regex=None, packages_start=None, packages_end=None, allow_overriding=[], topological_order=False, names_only=False, paths_only=True, topological_graph=False, topological_graph_dot=False, topological_graph_density=False, topological_graph_legend=False, topological_graph_dot_cluster=False, topological_graph_dot_include_skipped=False, mixin_files=None, mixin=None, verb_parser=<colcon_mixin.mixin.mixin_argument.MixinArgumentDecorator object at 0x7e30362729b0>, verb_extension=<colcon_package_information.verb.list.ListVerb object at 0x7e30362713c0>, main=<bound method ListVerb.main of <colcon_package_information.verb.list.ListVerb object at 0x7e30362713c0>>, mixin_verb=('list',))
[0.367s] Level 1:colcon.colcon_core.package_discovery:discover_packages(colcon_meta) check parameters
[0.367s] Level 1:colcon.colcon_core.package_discovery:discover_packages(recursive) check parameters
[0.367s] Level 1:colcon.colcon_core.package_discovery:discover_packages(ignore) check parameters
[0.367s] Level 1:colcon.colcon_core.package_discovery:discover_packages(path) check parameters
[0.367s] Level 1:colcon.colcon_core.package_discovery:discover_packages(recursive) discover
[0.367s] INFO:colcon.colcon_core.package_discovery:Crawling recursively for packages in '/home/alejo/Paper/PETER_SIMULATION/WORKSPACES_ROS/PUTOSAM'
[0.368s] Level 1:colcon.colcon_core.package_identification:_identify(/home/alejo/Paper/PETER_SIMULATION/WORKSPACES_ROS/PUTOSAM) by extensions ['ignore', 'ignore_ament_install']
[0.368s] Level 1:colcon.colcon_core.package_identification:_identify(/home/alejo/Paper/PETER_SIMULATION/WORKSPACES_ROS/PUTOSAM) by extension 'ignore'
[0.368s] Level 1:colcon.colcon_core.package_identification:_identify(/home/alejo/Paper/PETER_SIMULATION/WORKSPACES_ROS/PUTOSAM) by extension 'ignore_ament_install'
[0.368s] Level 1:colcon.colcon_core.package_identification:_identify(/home/alejo/Paper/PETER_SIMULATION/WORKSPACES_ROS/PUTOSAM) by extensions ['colcon_pkg']
[0.368s] Level 1:colcon.colcon_core.package_identification:_identify(/home/alejo/Paper/PETER_SIMULATION/WORKSPACES_ROS/PUTOSAM) by extension 'colcon_pkg'
[0.368s] Level 1:colcon.colcon_core.package_identification:_identify(/home/alejo/Paper/PETER_SIMULATION/WORKSPACES_ROS/PUTOSAM) by extensions ['colcon_meta']
[0.368s] Level 1:colcon.colcon_core.package_identification:_identify(/home/alejo/Paper/PETER_SIMULATION/WORKSPACES_ROS/PUTOSAM) by extension 'colcon_meta'
[0.368s] Level 1:colcon.colcon_core.package_identification:_identify(/home/alejo/Paper/PETER_SIMULATION/WORKSPACES_ROS/PUTOSAM) by extensions ['ros']
[0.368s] Level 1:colcon.colcon_core.package_identification:_identify(/home/alejo/Paper/PETER_SIMULATION/WORKSPACES_ROS/PUTOSAM) by extension 'ros'
[0.381s] Level 1:colcon.colcon_core.package_identification:_identify(/home/alejo/Paper/PETER_SIMULATION/WORKSPACES_ROS/PUTOSAM) by extensions ['cmake', 'python']
[0.381s] Level 1:colcon.colcon_core.package_identification:_identify(/home/alejo/Paper/PETER_SIMULATION/WORKSPACES_ROS/PUTOSAM) by extension 'cmake'
[0.381s] Level 1:colcon.colcon_core.package_identification:_identify(/home/alejo/Paper/PETER_SIMULATION/WORKSPACES_ROS/PUTOSAM) by extension 'python'
[0.381s] Level 1:colcon.colcon_core.package_identification:_identify(/home/alejo/Paper/PETER_SIMULATION/WORKSPACES_ROS/PUTOSAM) by extensions ['python_setup_py']
[0.381s] Level 1:colcon.colcon_core.package_identification:_identify(/home/alejo/Paper/PETER_SIMULATION/WORKSPACES_ROS/PUTOSAM) by extension 'python_setup_py'
[0.382s] Level 1:colcon.colcon_core.package_identification:_identify(/home/alejo/Paper/PETER_SIMULATION/WORKSPACES_ROS/PUTOSAM/build) by extensions ['ignore', 'ignore_ament_install']
[0.382s] Level 1:colcon.colcon_core.package_identification:_identify(/home/alejo/Paper/PETER_SIMULATION/WORKSPACES_ROS/PUTOSAM/build) by extension 'ignore'
[0.382s] Level 1:colcon.colcon_core.package_identification:_identify(/home/alejo/Paper/PETER_SIMULATION/WORKSPACES_ROS/PUTOSAM/build) ignored
[0.382s] Level 1:colcon.colcon_core.package_identification:_identify(/home/alejo/Paper/PETER_SIMULATION/WORKSPACES_ROS/PUTOSAM/install) by extensions ['ignore', 'ignore_ament_install']
[0.382s] Level 1:colcon.colcon_core.package_identification:_identify(/home/alejo/Paper/PETER_SIMULATION/WORKSPACES_ROS/PUTOSAM/install) by extension 'ignore'
[0.382s] Level 1:colcon.colcon_core.package_identification:_identify(/home/alejo/Paper/PETER_SIMULATION/WORKSPACES_ROS/PUTOSAM/install) ignored
[0.382s] Level 1:colcon.colcon_core.package_identification:_identify(/home/alejo/Paper/PETER_SIMULATION/WORKSPACES_ROS/PUTOSAM/log) by extensions ['ignore', 'ignore_ament_install']
[0.382s] Level 1:colcon.colcon_core.package_identification:_identify(/home/alejo/Paper/PETER_SIMULATION/WORKSPACES_ROS/PUTOSAM/log) by extension 'ignore'
[0.382s] Level 1:colcon.colcon_core.package_identification:_identify(/home/alejo/Paper/PETER_SIMULATION/WORKSPACES_ROS/PUTOSAM/log) ignored
[0.382s] Level 1:colcon.colcon_core.package_identification:_identify(/home/alejo/Paper/PETER_SIMULATION/WORKSPACES_ROS/PUTOSAM/src) by extensions ['ignore', 'ignore_ament_install']
[0.383s] Level 1:colcon.colcon_core.package_identification:_identify(/home/alejo/Paper/PETER_SIMULATION/WORKSPACES_ROS/PUTOSAM/src) by extension 'ignore'
[0.383s] Level 1:colcon.colcon_core.package_identification:_identify(/home/alejo/Paper/PETER_SIMULATION/WORKSPACES_ROS/PUTOSAM/src) by extension 'ignore_ament_install'
[0.383s] Level 1:colcon.colcon_core.package_identification:_identify(/home/alejo/Paper/PETER_SIMULATION/WORKSPACES_ROS/PUTOSAM/src) by extensions ['colcon_pkg']
[0.383s] Level 1:colcon.colcon_core.package_identification:_identify(/home/alejo/Paper/PETER_SIMULATION/WORKSPACES_ROS/PUTOSAM/src) by extension 'colcon_pkg'
[0.383s] Level 1:colcon.colcon_core.package_identification:_identify(/home/alejo/Paper/PETER_SIMULATION/WORKSPACES_ROS/PUTOSAM/src) by extensions ['colcon_meta']
[0.383s] Level 1:colcon.colcon_core.package_identification:_identify(/home/alejo/Paper/PETER_SIMULATION/WORKSPACES_ROS/PUTOSAM/src) by extension 'colcon_meta'
[0.383s] Level 1:colcon.colcon_core.package_identification:_identify(/home/alejo/Paper/PETER_SIMULATION/WORKSPACES_ROS/PUTOSAM/src) by extensions ['ros']
[0.383s] Level 1:colcon.colcon_core.package_identification:_identify(/home/alejo/Paper/PETER_SIMULATION/WORKSPACES_ROS/PUTOSAM/src) by extension 'ros'
[0.383s] Level 1:colcon.colcon_core.package_identification:_identify(/home/alejo/Paper/PETER_SIMULATION/WORKSPACES_ROS/PUTOSAM/src) by extensions ['cmake', 'python']
[0.383s] Level 1:colcon.colcon_core.package_identification:_identify(/home/alejo/Paper/PETER_SIMULATION/WORKSPACES_ROS/PUTOSAM/src) by extension 'cmake'
[0.383s] Level 1:colcon.colcon_core.package_identification:_identify(/home/alejo/Paper/PETER_SIMULATION/WORKSPACES_ROS/PUTOSAM/src) by extension 'python'
[0.383s] Level 1:colcon.colcon_core.package_identification:_identify(/home/alejo/Paper/PETER_SIMULATION/WORKSPACES_ROS/PUTOSAM/src) by extensions ['python_setup_py']
[0.383s] Level 1:colcon.colcon_core.package_identification:_identify(/home/alejo/Paper/PETER_SIMULATION/WORKSPACES_ROS/PUTOSAM/src) by extension 'python_setup_py'
[0.383s] Level 1:colcon.colcon_core.package_identification:_identify(/home/alejo/Paper/PETER_SIMULATION/WORKSPACES_ROS/PUTOSAM/src/peter_robot) by extensions ['ignore', 'ignore_ament_install']
[0.383s] Level 1:colcon.colcon_core.package_identification:_identify(/home/alejo/Paper/PETER_SIMULATION/WORKSPACES_ROS/PUTOSAM/src/peter_robot) by extension 'ignore'
[0.383s] Level 1:colcon.colcon_core.package_identification:_identify(/home/alejo/Paper/PETER_SIMULATION/WORKSPACES_ROS/PUTOSAM/src/peter_robot) by extension 'ignore_ament_install'
[0.383s] Level 1:colcon.colcon_core.package_identification:_identify(/home/alejo/Paper/PETER_SIMULATION/WORKSPACES_ROS/PUTOSAM/src/peter_robot) by extensions ['colcon_pkg']
[0.384s] Level 1:colcon.colcon_core.package_identification:_identify(/home/alejo/Paper/PETER_SIMULATION/WORKSPACES_ROS/PUTOSAM/src/peter_robot) by extension 'colcon_pkg'
[0.384s] Level 1:colcon.colcon_core.package_identification:_identify(/home/alejo/Paper/PETER_SIMULATION/WORKSPACES_ROS/PUTOSAM/src/peter_robot) by extensions ['colcon_meta']
[0.384s] Level 1:colcon.colcon_core.package_identification:_identify(/home/alejo/Paper/PETER_SIMULATION/WORKSPACES_ROS/PUTOSAM/src/peter_robot) by extension 'colcon_meta'
[0.384s] Level 1:colcon.colcon_core.package_identification:_identify(/home/alejo/Paper/PETER_SIMULATION/WORKSPACES_ROS/PUTOSAM/src/peter_robot) by extensions ['ros']
[0.384s] Level 1:colcon.colcon_core.package_identification:_identify(/home/alejo/Paper/PETER_SIMULATION/WORKSPACES_ROS/PUTOSAM/src/peter_robot) by extension 'ros'
[0.387s] DEBUG:colcon.colcon_core.package_identification:Package '/home/alejo/Paper/PETER_SIMULATION/WORKSPACES_ROS/PUTOSAM/src/peter_robot' with type 'ros.ament_python' and name 'peter_robot'
[0.387s] Level 1:colcon.colcon_core.package_discovery:discover_packages(recursive) using defaults
