[0.012s] Invoking command in '/home/alejo/Paper/PETER_SIMULATION/WORKSPACES_ROS/PUTOSAM/build/camera': CMAKE_PREFIX_PATH=${CMAKE_PREFIX_PATH}:/home/alejo/Paper/PETER_SIMULATION/WORKSPACES_ROS/PUTOSAM/install/peter_robot:/opt/ros/humble /usr/bin/cmake --build /home/alejo/Paper/PETER_SIMULATION/WORKSPACES_ROS/PUTOSAM/build/camera -- -j16 -l16
[0.318s] Invoked command in '/home/alejo/Paper/PETER_SIMULATION/WORKSPACES_ROS/PUTOSAM/build/camera' returned '0': CMAKE_PREFIX_PATH=${CMAKE_PREFIX_PATH}:/home/alejo/Paper/PETER_SIMULATION/WORKSPACES_ROS/PUTOSAM/install/peter_robot:/opt/ros/humble /usr/bin/cmake --build /home/alejo/Paper/PETER_SIMULATION/WORKSPACES_ROS/PUTOSAM/build/camera -- -j16 -l16
[0.361s] Invoking command in '/home/alejo/Paper/PETER_SIMULATION/WORKSPACES_ROS/PUTOSAM/build/camera': CMAKE_PREFIX_PATH=${CMAKE_PREFIX_PATH}:/home/alejo/Paper/PETER_SIMULATION/WORKSPACES_ROS/PUTOSAM/install/peter_robot:/opt/ros/humble /usr/bin/cmake --install /home/alejo/Paper/PETER_SIMULATION/WORKSPACES_ROS/PUTOSAM/build/camera
[0.369s] -- Install configuration: ""
[0.369s] -- Up-to-date: /home/alejo/Paper/PETER_SIMULATION/WORKSPACES_ROS/PUTOSAM/install/camera/lib/camera/camera.py
[0.369s] -- Installing: /home/alejo/Paper/PETER_SIMULATION/WORKSPACES_ROS/PUTOSAM/install/camera/lib/camera/cameraAdjust.py
[0.369s] -- Up-to-date: /home/alejo/Paper/PETER_SIMULATION/WORKSPACES_ROS/PUTOSAM/install/camera/share/ament_index/resource_index/package_run_dependencies/camera
[0.369s] -- Up-to-date: /home/alejo/Paper/PETER_SIMULATION/WORKSPACES_ROS/PUTOSAM/install/camera/share/ament_index/resource_index/parent_prefix_path/camera
[0.369s] -- Up-to-date: /home/alejo/Paper/PETER_SIMULATION/WORKSPACES_ROS/PUTOSAM/install/camera/share/camera/environment/ament_prefix_path.sh
[0.369s] -- Up-to-date: /home/alejo/Paper/PETER_SIMULATION/WORKSPACES_ROS/PUTOSAM/install/camera/share/camera/environment/ament_prefix_path.dsv
[0.369s] -- Up-to-date: /home/alejo/Paper/PETER_SIMULATION/WORKSPACES_ROS/PUTOSAM/install/camera/share/camera/environment/path.sh
[0.369s] -- Up-to-date: /home/alejo/Paper/PETER_SIMULATION/WORKSPACES_ROS/PUTOSAM/install/camera/share/camera/environment/path.dsv
[0.369s] -- Up-to-date: /home/alejo/Paper/PETER_SIMULATION/WORKSPACES_ROS/PUTOSAM/install/camera/share/camera/local_setup.bash
[0.369s] -- Up-to-date: /home/alejo/Paper/PETER_SIMULATION/WORKSPACES_ROS/PUTOSAM/install/camera/share/camera/local_setup.sh
[0.369s] -- Up-to-date: /home/alejo/Paper/PETER_SIMULATION/WORKSPACES_ROS/PUTOSAM/install/camera/share/camera/local_setup.zsh
[0.370s] -- Up-to-date: /home/alejo/Paper/PETER_SIMULATION/WORKSPACES_ROS/PUTOSAM/install/camera/share/camera/local_setup.dsv
[0.370s] -- Installing: /home/alejo/Paper/PETER_SIMULATION/WORKSPACES_ROS/PUTOSAM/install/camera/share/camera/package.dsv
[0.370s] -- Up-to-date: /home/alejo/Paper/PETER_SIMULATION/WORKSPACES_ROS/PUTOSAM/install/camera/share/ament_index/resource_index/packages/camera
[0.370s] -- Up-to-date: /home/alejo/Paper/PETER_SIMULATION/WORKSPACES_ROS/PUTOSAM/install/camera/share/camera/cmake/cameraConfig.cmake
[0.370s] -- Up-to-date: /home/alejo/Paper/PETER_SIMULATION/WORKSPACES_ROS/PUTOSAM/install/camera/share/camera/cmake/cameraConfig-version.cmake
[0.370s] -- Up-to-date: /home/alejo/Paper/PETER_SIMULATION/WORKSPACES_ROS/PUTOSAM/install/camera/share/camera/package.xml
[0.371s] Invoked command in '/home/alejo/Paper/PETER_SIMULATION/WORKSPACES_ROS/PUTOSAM/build/camera' returned '0': CMAKE_PREFIX_PATH=${CMAKE_PREFIX_PATH}:/home/alejo/Paper/PETER_SIMULATION/WORKSPACES_ROS/PUTOSAM/install/peter_robot:/opt/ros/humble /usr/bin/cmake --install /home/alejo/Paper/PETER_SIMULATION/WORKSPACES_ROS/PUTOSAM/build/camera
