[0.428s] Invoking command in '/home/alejo/Paper/PETER_SIMULATION/WORKSPACES_ROS/PUTOSAM/src/peter_robot': PYTHONPATH=/home/alejo/Paper/PETER_SIMULATION/WORKSPACES_ROS/PUTOSAM/build/peter_robot/prefix_override:/usr/lib/python3/dist-packages/colcon_core/task/python/colcon_distutils_commands:/home/alejo/Paper/PETER_SIMULATION/WORKSPACES_ROS/PUTOSAM/install/peter_robot/lib/python3.10/site-packages:${PYTHONPATH} /usr/bin/python3 -W ignore:setup.py install is deprecated setup.py egg_info --egg-base ../../build/peter_robot build --build-base /home/alejo/Paper/PETER_SIMULATION/WORKSPACES_ROS/PUTOSAM/build/peter_robot/build install --record /home/alejo/Paper/PETER_SIMULATION/WORKSPACES_ROS/PUTOSAM/build/peter_robot/install.log --single-version-externally-managed install_data
[0.592s] running egg_info
[0.593s] creating ../../build/peter_robot/peter_robot.egg-info
[0.593s] writing ../../build/peter_robot/peter_robot.egg-info/PKG-INFO
[0.593s] writing dependency_links to ../../build/peter_robot/peter_robot.egg-info/dependency_links.txt
[0.593s] writing entry points to ../../build/peter_robot/peter_robot.egg-info/entry_points.txt
[0.593s] writing requirements to ../../build/peter_robot/peter_robot.egg-info/requires.txt
[0.593s] writing top-level names to ../../build/peter_robot/peter_robot.egg-info/top_level.txt
[0.593s] writing manifest file '../../build/peter_robot/peter_robot.egg-info/SOURCES.txt'
[0.594s] reading manifest file '../../build/peter_robot/peter_robot.egg-info/SOURCES.txt'
[0.595s] writing manifest file '../../build/peter_robot/peter_robot.egg-info/SOURCES.txt'
[0.595s] running build
[0.595s] running build_py
[0.595s] creating /home/alejo/Paper/PETER_SIMULATION/WORKSPACES_ROS/PUTOSAM/build/peter_robot/build
[0.595s] creating /home/alejo/Paper/PETER_SIMULATION/WORKSPACES_ROS/PUTOSAM/build/peter_robot/build/lib
[0.595s] creating /home/alejo/Paper/PETER_SIMULATION/WORKSPACES_ROS/PUTOSAM/build/peter_robot/build/lib/src
[0.595s] copying src/peter_controller.py -> /home/alejo/Paper/PETER_SIMULATION/WORKSPACES_ROS/PUTOSAM/build/peter_robot/build/lib/src
[0.595s] copying src/peter_teleop_keyboard.py -> /home/alejo/Paper/PETER_SIMULATION/WORKSPACES_ROS/PUTOSAM/build/peter_robot/build/lib/src
[0.596s] copying src/peter_controller_OLD.py -> /home/alejo/Paper/PETER_SIMULATION/WORKSPACES_ROS/PUTOSAM/build/peter_robot/build/lib/src
[0.596s] copying src/__init__.py -> /home/alejo/Paper/PETER_SIMULATION/WORKSPACES_ROS/PUTOSAM/build/peter_robot/build/lib/src
[0.596s] running install
[0.596s] running install_lib
[0.597s] creating /home/alejo/Paper/PETER_SIMULATION/WORKSPACES_ROS/PUTOSAM/install/peter_robot/lib/python3.10/site-packages/src
[0.597s] copying /home/alejo/Paper/PETER_SIMULATION/WORKSPACES_ROS/PUTOSAM/build/peter_robot/build/lib/src/peter_controller.py -> /home/alejo/Paper/PETER_SIMULATION/WORKSPACES_ROS/PUTOSAM/install/peter_robot/lib/python3.10/site-packages/src
[0.597s] copying /home/alejo/Paper/PETER_SIMULATION/WORKSPACES_ROS/PUTOSAM/build/peter_robot/build/lib/src/peter_teleop_keyboard.py -> /home/alejo/Paper/PETER_SIMULATION/WORKSPACES_ROS/PUTOSAM/install/peter_robot/lib/python3.10/site-packages/src
[0.597s] copying /home/alejo/Paper/PETER_SIMULATION/WORKSPACES_ROS/PUTOSAM/build/peter_robot/build/lib/src/peter_controller_OLD.py -> /home/alejo/Paper/PETER_SIMULATION/WORKSPACES_ROS/PUTOSAM/install/peter_robot/lib/python3.10/site-packages/src
[0.597s] copying /home/alejo/Paper/PETER_SIMULATION/WORKSPACES_ROS/PUTOSAM/build/peter_robot/build/lib/src/__init__.py -> /home/alejo/Paper/PETER_SIMULATION/WORKSPACES_ROS/PUTOSAM/install/peter_robot/lib/python3.10/site-packages/src
[0.597s] byte-compiling /home/alejo/Paper/PETER_SIMULATION/WORKSPACES_ROS/PUTOSAM/install/peter_robot/lib/python3.10/site-packages/src/peter_controller.py to peter_controller.cpython-310.pyc
[0.600s] byte-compiling /home/alejo/Paper/PETER_SIMULATION/WORKSPACES_ROS/PUTOSAM/install/peter_robot/lib/python3.10/site-packages/src/peter_teleop_keyboard.py to peter_teleop_keyboard.cpython-310.pyc
[0.600s] byte-compiling /home/alejo/Paper/PETER_SIMULATION/WORKSPACES_ROS/PUTOSAM/install/peter_robot/lib/python3.10/site-packages/src/peter_controller_OLD.py to peter_controller_OLD.cpython-310.pyc
[0.602s] byte-compiling /home/alejo/Paper/PETER_SIMULATION/WORKSPACES_ROS/PUTOSAM/install/peter_robot/lib/python3.10/site-packages/src/__init__.py to __init__.cpython-310.pyc
[0.602s] running install_data
[0.602s] creating /home/alejo/Paper/PETER_SIMULATION/WORKSPACES_ROS/PUTOSAM/install/peter_robot/share/ament_index
[0.602s] creating /home/alejo/Paper/PETER_SIMULATION/WORKSPACES_ROS/PUTOSAM/install/peter_robot/share/ament_index/resource_index
[0.602s] creating /home/alejo/Paper/PETER_SIMULATION/WORKSPACES_ROS/PUTOSAM/install/peter_robot/share/ament_index/resource_index/packages
[0.602s] copying resource/peter_robot -> /home/alejo/Paper/PETER_SIMULATION/WORKSPACES_ROS/PUTOSAM/install/peter_robot/share/ament_index/resource_index/packages
[0.602s] copying package.xml -> /home/alejo/Paper/PETER_SIMULATION/WORKSPACES_ROS/PUTOSAM/install/peter_robot/share/peter_robot
[0.602s] creating /home/alejo/Paper/PETER_SIMULATION/WORKSPACES_ROS/PUTOSAM/install/peter_robot/share/peter_robot/urdf
[0.602s] copying urdf/peter.urdf -> /home/alejo/Paper/PETER_SIMULATION/WORKSPACES_ROS/PUTOSAM/install/peter_robot/share/peter_robot/urdf
[0.602s] copying urdf/peter.urdf.xacro -> /home/alejo/Paper/PETER_SIMULATION/WORKSPACES_ROS/PUTOSAM/install/peter_robot/share/peter_robot/urdf
[0.602s] copying urdf/peter_control_plugin.xacro -> /home/alejo/Paper/PETER_SIMULATION/WORKSPACES_ROS/PUTOSAM/install/peter_robot/share/peter_robot/urdf
[0.602s] creating /home/alejo/Paper/PETER_SIMULATION/WORKSPACES_ROS/PUTOSAM/install/peter_robot/share/peter_robot/launch
[0.603s] copying launch/gazebo.launch.py -> /home/alejo/Paper/PETER_SIMULATION/WORKSPACES_ROS/PUTOSAM/install/peter_robot/share/peter_robot/launch
[0.603s] copying launch/display.launch.py -> /home/alejo/Paper/PETER_SIMULATION/WORKSPACES_ROS/PUTOSAM/install/peter_robot/share/peter_robot/launch
[0.603s] creating /home/alejo/Paper/PETER_SIMULATION/WORKSPACES_ROS/PUTOSAM/install/peter_robot/share/peter_robot/src
[0.603s] copying src/peter_controller.py -> /home/alejo/Paper/PETER_SIMULATION/WORKSPACES_ROS/PUTOSAM/install/peter_robot/share/peter_robot/src
[0.603s] copying src/peter_teleop_keyboard.py -> /home/alejo/Paper/PETER_SIMULATION/WORKSPACES_ROS/PUTOSAM/install/peter_robot/share/peter_robot/src
[0.603s] copying src/peter_controller_OLD.py -> /home/alejo/Paper/PETER_SIMULATION/WORKSPACES_ROS/PUTOSAM/install/peter_robot/share/peter_robot/src
[0.603s] copying src/__init__.py -> /home/alejo/Paper/PETER_SIMULATION/WORKSPACES_ROS/PUTOSAM/install/peter_robot/share/peter_robot/src
[0.603s] creating /home/alejo/Paper/PETER_SIMULATION/WORKSPACES_ROS/PUTOSAM/install/peter_robot/share/peter_robot/meshes
[0.603s] copying meshes/TibiaRU_link.STL -> /home/alejo/Paper/PETER_SIMULATION/WORKSPACES_ROS/PUTOSAM/install/peter_robot/share/peter_robot/meshes
[0.604s] copying meshes/FemurLD_link.STL -> /home/alejo/Paper/PETER_SIMULATION/WORKSPACES_ROS/PUTOSAM/install/peter_robot/share/peter_robot/meshes
[0.604s] copying meshes/RuedaLD_link.STL -> /home/alejo/Paper/PETER_SIMULATION/WORKSPACES_ROS/PUTOSAM/install/peter_robot/share/peter_robot/meshes
[0.605s] copying meshes/RuedaRU_link.STL -> /home/alejo/Paper/PETER_SIMULATION/WORKSPACES_ROS/PUTOSAM/install/peter_robot/share/peter_robot/meshes
[0.605s] copying meshes/CoxisLD_link.STL -> /home/alejo/Paper/PETER_SIMULATION/WORKSPACES_ROS/PUTOSAM/install/peter_robot/share/peter_robot/meshes
[0.606s] copying meshes/Cuerpo_link.STL -> /home/alejo/Paper/PETER_SIMULATION/WORKSPACES_ROS/PUTOSAM/install/peter_robot/share/peter_robot/meshes
[0.606s] copying meshes/FemurRD_link.STL -> /home/alejo/Paper/PETER_SIMULATION/WORKSPACES_ROS/PUTOSAM/install/peter_robot/share/peter_robot/meshes
[0.606s] copying meshes/RuedaRD_link.STL -> /home/alejo/Paper/PETER_SIMULATION/WORKSPACES_ROS/PUTOSAM/install/peter_robot/share/peter_robot/meshes
[0.607s] copying meshes/TibiaLU_link.STL -> /home/alejo/Paper/PETER_SIMULATION/WORKSPACES_ROS/PUTOSAM/install/peter_robot/share/peter_robot/meshes
[0.607s] copying meshes/TibiaRD_link.STL -> /home/alejo/Paper/PETER_SIMULATION/WORKSPACES_ROS/PUTOSAM/install/peter_robot/share/peter_robot/meshes
[0.608s] copying meshes/TibiaLD_link.STL -> /home/alejo/Paper/PETER_SIMULATION/WORKSPACES_ROS/PUTOSAM/install/peter_robot/share/peter_robot/meshes
[0.608s] copying meshes/CoxisRU_link.STL -> /home/alejo/Paper/PETER_SIMULATION/WORKSPACES_ROS/PUTOSAM/install/peter_robot/share/peter_robot/meshes
[0.608s] copying meshes/RuedaLU_link.STL -> /home/alejo/Paper/PETER_SIMULATION/WORKSPACES_ROS/PUTOSAM/install/peter_robot/share/peter_robot/meshes
[0.609s] copying meshes/CoxisRD_link.STL -> /home/alejo/Paper/PETER_SIMULATION/WORKSPACES_ROS/PUTOSAM/install/peter_robot/share/peter_robot/meshes
[0.609s] copying meshes/FemurLU_link.STL -> /home/alejo/Paper/PETER_SIMULATION/WORKSPACES_ROS/PUTOSAM/install/peter_robot/share/peter_robot/meshes
[0.610s] copying meshes/CoxisLU_link.STL -> /home/alejo/Paper/PETER_SIMULATION/WORKSPACES_ROS/PUTOSAM/install/peter_robot/share/peter_robot/meshes
[0.610s] copying meshes/FemurRU_link.STL -> /home/alejo/Paper/PETER_SIMULATION/WORKSPACES_ROS/PUTOSAM/install/peter_robot/share/peter_robot/meshes
[0.611s] creating /home/alejo/Paper/PETER_SIMULATION/WORKSPACES_ROS/PUTOSAM/install/peter_robot/share/peter_robot/worlds
[0.611s] copying worlds/empty.world -> /home/alejo/Paper/PETER_SIMULATION/WORKSPACES_ROS/PUTOSAM/install/peter_robot/share/peter_robot/worlds
[0.611s] creating /home/alejo/Paper/PETER_SIMULATION/WORKSPACES_ROS/PUTOSAM/install/peter_robot/share/peter_robot/config
[0.611s] copying config/peter_joint_controller.yaml -> /home/alejo/Paper/PETER_SIMULATION/WORKSPACES_ROS/PUTOSAM/install/peter_robot/share/peter_robot/config
[0.611s] running install_egg_info
[0.613s] Copying ../../build/peter_robot/peter_robot.egg-info to /home/alejo/Paper/PETER_SIMULATION/WORKSPACES_ROS/PUTOSAM/install/peter_robot/lib/python3.10/site-packages/peter_robot-0.0.0-py3.10.egg-info
[0.614s] running install_scripts
[0.627s] Installing peter_controller script to /home/alejo/Paper/PETER_SIMULATION/WORKSPACES_ROS/PUTOSAM/install/peter_robot/lib/peter_robot
[0.628s] Installing peter_teleop_keyboard script to /home/alejo/Paper/PETER_SIMULATION/WORKSPACES_ROS/PUTOSAM/install/peter_robot/lib/peter_robot
[0.628s] writing list of installed files to '/home/alejo/Paper/PETER_SIMULATION/WORKSPACES_ROS/PUTOSAM/build/peter_robot/install.log'
[0.646s] Invoked command in '/home/alejo/Paper/PETER_SIMULATION/WORKSPACES_ROS/PUTOSAM/src/peter_robot' returned '0': PYTHONPATH=/home/alejo/Paper/PETER_SIMULATION/WORKSPACES_ROS/PUTOSAM/build/peter_robot/prefix_override:/usr/lib/python3/dist-packages/colcon_core/task/python/colcon_distutils_commands:/home/alejo/Paper/PETER_SIMULATION/WORKSPACES_ROS/PUTOSAM/install/peter_robot/lib/python3.10/site-packages:${PYTHONPATH} /usr/bin/python3 -W ignore:setup.py install is deprecated setup.py egg_info --egg-base ../../build/peter_robot build --build-base /home/alejo/Paper/PETER_SIMULATION/WORKSPACES_ROS/PUTOSAM/build/peter_robot/build install --record /home/alejo/Paper/PETER_SIMULATION/WORKSPACES_ROS/PUTOSAM/build/peter_robot/install.log --single-version-externally-managed install_data
